\BOOKMARK [1][-]{section.1}{Introduktion}{}% 1
\BOOKMARK [2][-]{subsection.1.1}{Inledning/Bakrund}{section.1}% 2
\BOOKMARK [2][-]{subsection.1.2}{Tidigare forskning}{section.1}% 3
\BOOKMARK [2][-]{subsection.1.3}{Problemformulering}{section.1}% 4
\BOOKMARK [2][-]{subsection.1.4}{Syfte och fr\345gest\344llning/hypotes}{section.1}% 5
\BOOKMARK [2][-]{subsection.1.5}{Avgr\344nsning/Begr\344nsning}{section.1}% 6
\BOOKMARK [2][-]{subsection.1.6}{ M\345lgrupp}{section.1}% 7
\BOOKMARK [2][-]{subsection.1.7}{Disposition}{section.1}% 8
\BOOKMARK [1][-]{section.2}{Bakgrund/Teori}{}% 9
\BOOKMARK [2][-]{subsection.2.1}{Rubrik 1}{section.2}% 10
\BOOKMARK [2][-]{subsection.2.2}{Rubrik 2}{section.2}% 11
\BOOKMARK [2][-]{subsection.2.3}{Rubrik etc}{section.2}% 12
\BOOKMARK [1][-]{section.3}{Metod}{}% 13
\BOOKMARK [2][-]{subsection.3.1}{Vetenskaplig ansats}{section.3}% 14
\BOOKMARK [2][-]{subsection.3.2}{Datainsamling}{section.3}% 15
\BOOKMARK [3][-]{subsubsection.3.2.1}{Urval}{subsection.3.2}% 16
\BOOKMARK [3][-]{subsubsection.3.2.2}{Genomf\366rande}{subsection.3.2}% 17
\BOOKMARK [2][-]{subsection.3.3}{Analys}{section.3}% 18
\BOOKMARK [2][-]{subsection.3.4}{Tillf\366rlitlighet}{section.3}% 19
\BOOKMARK [2][-]{subsection.3.5}{Etiska \366verv\344ganden}{section.3}% 20
\BOOKMARK [1][-]{section.4}{Resultat/Emperi}{}% 21
\BOOKMARK [2][-]{subsection.4.1}{Test 1}{section.4}% 22
\BOOKMARK [2][-]{subsection.4.2}{Test 2}{section.4}% 23
\BOOKMARK [1][-]{section.5}{Analys}{}% 24
\BOOKMARK [1][-]{section.6}{Diskussion}{}% 25
\BOOKMARK [2][-]{subsection.6.1}{Probleml\366sning/resultat}{section.6}% 26
\BOOKMARK [2][-]{subsection.6.2}{Metodreflektion}{section.6}% 27
\BOOKMARK [1][-]{section.7}{Avslutning}{}% 28
\BOOKMARK [2][-]{subsection.7.1}{Slutsats}{section.7}% 29
\BOOKMARK [2][-]{subsection.7.2}{F\366rslag till fortsatt forskning}{section.7}% 30
